app/build/outputs/logs/manifest-merger-debug-report.txt
-- Merging decision tree log ---
manifest
ADDED from AndroidManifest.xml:22:1
	package
		ADDED from AndroidManifest.xml:23:11
		INJECTED from AndroidManifest.xml:0:0
		INJECTED from AndroidManifest.xml:0:0
	android:versionName
		ADDED from AndroidManifest.xml:24:11
	android:versionCode
		ADDED from AndroidManifest.xml:25:11
		INJECTED from AndroidManifest.xml:0:0
		INJECTED from AndroidManifest.xml:0:0
	xmlns:android
		ADDED from AndroidManifest.xml:22:11
uses-sdk
ADDED from AndroidManifest.xml:27:5
	android:targetSdkVersion
		ADDED from AndroidManifest.xml:28:15
		INJECTED from AndroidManifest.xml:0:0
		INJECTED from AndroidManifest.xml:0:0
	android:minSdkVersion
		ADDED from AndroidManifest.xml:27:15
		INJECTED from AndroidManifest.xml:0:0
		INJECTED from AndroidManifest.xml:0:0
uses-permission#android.permission.READ_CONTACTS
ADDED from AndroidManifest.xml:30:5
	android:name
		ADDED from AndroidManifest.xml:30:22
uses-permission#android.permission.WRITE_CONTACTS
ADDED from AndroidManifest.xml:31:5
	android:name
		ADDED from AndroidManifest.xml:31:22
uses-permission#android.permission.WRITE_SETTINGS
ADDED from AndroidManifest.xml:32:5
	android:name
		ADDED from AndroidManifest.xml:32:22
uses-permission#android.permission.WRITE_EXTERNAL_STORAGE
ADDED from AndroidManifest.xml:33:5
	android:name
		ADDED from AndroidManifest.xml:33:22
uses-permission#android.permission.RECORD_AUDIO
ADDED from AndroidManifest.xml:34:5
	android:name
		ADDED from AndroidManifest.xml:34:22
supports-screens
ADDED from AndroidManifest.xml:36:5
	android:anyDensity
		ADDED from AndroidManifest.xml:36:23
application
ADDED from AndroidManifest.xml:38:5
	android:label
		ADDED from AndroidManifest.xml:38:18
	android:allowBackup
		ADDED from AndroidManifest.xml:42:18
	android:icon
		ADDED from AndroidManifest.xml:39:18
	android:largeHeap
		ADDED from AndroidManifest.xml:41:18
	android:theme
		ADDED from AndroidManifest.xml:40:18
activity#com.ringdroid.RingdroidSelectActivity
ADDED from AndroidManifest.xml:46:9
	android:label
		ADDED from AndroidManifest.xml:47:19
	android:name
		ADDED from AndroidManifest.xml:46:19
intent-filter#android.intent.action.MAIN+android.intent.category.DEFAULT+android.intent.category.LAUNCHER
ADDED from AndroidManifest.xml:48:13
action#android.intent.action.MAIN
ADDED from AndroidManifest.xml:49:17
	android:name
		ADDED from AndroidManifest.xml:49:25
category#android.intent.category.DEFAULT
ADDED from AndroidManifest.xml:50:17
	android:name
		ADDED from AndroidManifest.xml:50:27
category#android.intent.category.LAUNCHER
ADDED from AndroidManifest.xml:51:17
	android:name
		ADDED from AndroidManifest.xml:51:27
intent-filter#android.intent.action.GET_CONTENT+android.intent.category.DEFAULT+android.intent.category.OPENABLE
ADDED from AndroidManifest.xml:54:13
action#android.intent.action.GET_CONTENT
ADDED from AndroidManifest.xml:55:17
	android:name
		ADDED from AndroidManifest.xml:55:25
category#android.intent.category.OPENABLE
ADDED from AndroidManifest.xml:57:17
	android:name
		ADDED from AndroidManifest.xml:57:27
data
ADDED from AndroidManifest.xml:58:17
	android:mimeType
		ADDED from AndroidManifest.xml:58:23
activity#com.ringdroid.RingdroidEditActivity
ADDED from AndroidManifest.xml:67:9
	android:hardwareAccelerated
		ADDED from AndroidManifest.xml:70:19
	android:windowSoftInputMode
		ADDED from AndroidManifest.xml:69:19
	android:configChanges
		ADDED from AndroidManifest.xml:68:19
	android:name
		ADDED from AndroidManifest.xml:67:19
intent-filter#android.intent.action.EDIT
ADDED from AndroidManifest.xml:71:13
	android:label
		ADDED from AndroidManifest.xml:71:28
action#android.intent.action.EDIT
ADDED from AndroidManifest.xml:72:17
	android:name
		ADDED from AndroidManifest.xml:72:25
activity#com.ringdroid.ChooseContactActivity
ADDED from AndroidManifest.xml:78:9
	android:configChanges
		ADDED from AndroidManifest.xml:79:19
	android:name
		ADDED from AndroidManifest.xml:78:19